{"contracts\\BasicNFT.sol":{"l":{"11":3,"15":1,"16":1,"17":1,"23":1,"27":3},"path":"C:\\Users\\habib\\Documents\\GitHub\\hardhat-nft\\contracts\\BasicNFT.sol","s":{"1":3,"2":1,"3":1,"4":1,"5":3},"b":{},"f":{"1":3,"2":1,"3":1,"4":3},"fnMap":{"1":{"name":"constructor","line":10,"loc":{"start":{"line":10,"column":4},"end":{"line":12,"column":4}}},"2":{"name":"mintNft","line":14,"loc":{"start":{"line":14,"column":4},"end":{"line":18,"column":4}}},"3":{"name":"tokenURI","line":20,"loc":{"start":{"line":20,"column":4},"end":{"line":24,"column":4}}},"4":{"name":"getTokenCounter","line":26,"loc":{"start":{"line":26,"column":4},"end":{"line":28,"column":4}}}},"statementMap":{"1":{"start":{"line":11,"column":8},"end":{"line":11,"column":25}},"2":{"start":{"line":15,"column":8},"end":{"line":15,"column":44}},"3":{"start":{"line":17,"column":8},"end":{"line":17,"column":29}},"4":{"start":{"line":23,"column":8},"end":{"line":23,"column":24}},"5":{"start":{"line":27,"column":8},"end":{"line":27,"column":29}}},"branchMap":{}},"contracts\\DynamicSvgNft.sol":{"l":{"23":3,"24":3,"25":3,"26":3,"30":7,"31":7,"35":5,"36":5,"37":5,"39":5,"43":2,"47":2,"48":2,"51":2,"52":2,"53":1,"55":2,"76":1,"80":1,"84":4,"88":1,"89":1},"path":"C:\\Users\\habib\\Documents\\GitHub\\hardhat-nft\\contracts\\DynamicSvgNft.sol","s":{"1":3,"2":3,"3":3,"4":3,"5":7,"6":7,"7":5,"8":5,"9":5,"10":2,"11":2,"12":2,"13":2,"14":2,"15":1,"16":2,"17":1,"18":1,"19":4,"20":1,"21":1},"b":{"1":[2,0],"2":[1,1]},"f":{"1":3,"2":7,"3":5,"4":2,"5":2,"6":1,"7":1,"8":4,"9":1},"fnMap":{"1":{"name":"constructor","line":22,"loc":{"start":{"line":18,"column":4},"end":{"line":27,"column":4}}},"2":{"name":"svgToImageURI","line":29,"loc":{"start":{"line":29,"column":4},"end":{"line":32,"column":4}}},"3":{"name":"mintNft","line":34,"loc":{"start":{"line":34,"column":4},"end":{"line":40,"column":4}}},"4":{"name":"_baseURI","line":42,"loc":{"start":{"line":42,"column":4},"end":{"line":44,"column":4}}},"5":{"name":"tokenURI","line":46,"loc":{"start":{"line":46,"column":4},"end":{"line":73,"column":4}}},"6":{"name":"getLowSvgURI","line":75,"loc":{"start":{"line":75,"column":4},"end":{"line":77,"column":4}}},"7":{"name":"getHigSvgURI","line":79,"loc":{"start":{"line":79,"column":4},"end":{"line":81,"column":4}}},"8":{"name":"getTokenCounter","line":83,"loc":{"start":{"line":83,"column":4},"end":{"line":85,"column":4}}},"9":{"name":"getPrice","line":87,"loc":{"start":{"line":87,"column":4},"end":{"line":90,"column":4}}}},"statementMap":{"1":{"start":{"line":23,"column":8},"end":{"line":23,"column":25}},"2":{"start":{"line":24,"column":8},"end":{"line":24,"column":39}},"3":{"start":{"line":25,"column":8},"end":{"line":25,"column":41}},"4":{"start":{"line":26,"column":8},"end":{"line":26,"column":53}},"5":{"start":{"line":30,"column":8},"end":{"line":30,"column":92}},"6":{"start":{"line":31,"column":8},"end":{"line":31,"column":81}},"7":{"start":{"line":35,"column":8},"end":{"line":35,"column":56}},"8":{"start":{"line":36,"column":8},"end":{"line":36,"column":44}},"9":{"start":{"line":39,"column":8},"end":{"line":39,"column":50}},"10":{"start":{"line":43,"column":8},"end":{"line":43,"column":46}},"11":{"start":{"line":47,"column":8},"end":{"line":47,"column":68}},"12":{"start":{"line":48,"column":8},"end":{"line":48,"column":41}},"13":{"start":{"line":51,"column":8},"end":{"line":51,"column":62}},"14":{"start":{"line":52,"column":8},"end":{"line":52,"column":1949}},"15":{"start":{"line":53,"column":12},"end":{"line":53,"column":31}},"16":{"start":{"line":55,"column":8},"end":{"line":55,"column":2055}},"17":{"start":{"line":76,"column":8},"end":{"line":76,"column":23}},"18":{"start":{"line":80,"column":8},"end":{"line":80,"column":24}},"19":{"start":{"line":84,"column":8},"end":{"line":84,"column":29}},"20":{"start":{"line":88,"column":8},"end":{"line":88,"column":62}},"21":{"start":{"line":89,"column":8},"end":{"line":89,"column":20}}},"branchMap":{"1":{"line":47,"type":"if","locations":[{"start":{"line":47,"column":8},"end":{"line":47,"column":8}},{"start":{"line":47,"column":8},"end":{"line":47,"column":8}}]},"2":{"line":52,"type":"if","locations":[{"start":{"line":52,"column":8},"end":{"line":52,"column":8}},{"start":{"line":52,"column":8},"end":{"line":52,"column":8}}]}}},"contracts\\RandomIpfsNft.sol":{"l":{"47":3,"48":3,"49":3,"50":3,"51":3,"52":3,"53":3,"57":3,"58":1,"60":2,"67":0,"68":0,"72":0,"73":0,"75":0,"77":0,"78":0,"79":0,"80":0,"82":0,"86":0,"87":0,"88":0,"92":0,"93":0,"94":0,"95":0,"96":0,"98":0,"101":0,"105":0,"109":3,"110":0,"112":3,"113":3,"117":2,"121":1,"125":0,"129":1},"path":"C:\\Users\\habib\\Documents\\GitHub\\hardhat-nft\\contracts\\RandomIpfsNft.sol","s":{"1":3,"2":3,"3":3,"4":3,"5":3,"6":3,"7":3,"8":3,"9":2,"10":0,"11":0,"12":0,"13":0,"14":0,"15":0,"16":0,"17":0,"18":0,"19":0,"20":0,"21":0,"22":0,"23":0,"24":0,"25":0,"26":0,"27":0,"28":0,"29":3,"30":3,"31":3,"32":2,"33":1,"34":0,"35":1},"b":{"1":[1,2],"2":[0,0],"3":[0,0],"4":[0,3]},"f":{"1":3,"2":3,"3":0,"4":0,"5":0,"6":0,"7":3,"8":2,"9":1,"10":0,"11":1},"fnMap":{"1":{"name":"constructor","line":46,"loc":{"start":{"line":39,"column":4},"end":{"line":54,"column":4}}},"2":{"name":"requestNft","line":56,"loc":{"start":{"line":56,"column":4},"end":{"line":69,"column":4}}},"3":{"name":"fulfillRandomWords","line":71,"loc":{"start":{"line":71,"column":4},"end":{"line":83,"column":4}}},"4":{"name":"withdraw","line":85,"loc":{"start":{"line":85,"column":4},"end":{"line":89,"column":4}}},"5":{"name":"getBreadFromModdedRng","line":91,"loc":{"start":{"line":91,"column":4},"end":{"line":102,"column":4}}},"6":{"name":"getChanceArray","line":104,"loc":{"start":{"line":104,"column":4},"end":{"line":106,"column":4}}},"7":{"name":"_initializeContract","line":108,"loc":{"start":{"line":108,"column":4},"end":{"line":114,"column":4}}},"8":{"name":"getMintFee","line":116,"loc":{"start":{"line":116,"column":4},"end":{"line":118,"column":4}}},"9":{"name":"getDogTokenUris","line":120,"loc":{"start":{"line":120,"column":4},"end":{"line":122,"column":4}}},"10":{"name":"getTokenCounter","line":124,"loc":{"start":{"line":124,"column":4},"end":{"line":126,"column":4}}},"11":{"name":"getInitialized","line":128,"loc":{"start":{"line":128,"column":4},"end":{"line":130,"column":4}}}},"statementMap":{"1":{"start":{"line":47,"column":8},"end":{"line":47,"column":69}},"2":{"start":{"line":48,"column":8},"end":{"line":48,"column":40}},"3":{"start":{"line":49,"column":8},"end":{"line":49,"column":26}},"4":{"start":{"line":50,"column":8},"end":{"line":50,"column":44}},"5":{"start":{"line":51,"column":8},"end":{"line":51,"column":36}},"6":{"start":{"line":52,"column":8},"end":{"line":52,"column":26}},"7":{"start":{"line":53,"column":8},"end":{"line":53,"column":40}},"8":{"start":{"line":57,"column":8},"end":{"line":57,"column":2027}},"9":{"start":{"line":60,"column":8},"end":{"line":60,"column":2115}},"10":{"start":{"line":67,"column":8},"end":{"line":67,"column":50}},"11":{"start":{"line":68,"column":8},"end":{"line":68,"column":48}},"12":{"start":{"line":72,"column":8},"end":{"line":72,"column":57}},"13":{"start":{"line":73,"column":8},"end":{"line":73,"column":43}},"14":{"start":{"line":75,"column":8},"end":{"line":75,"column":61}},"15":{"start":{"line":77,"column":8},"end":{"line":77,"column":57}},"16":{"start":{"line":79,"column":8},"end":{"line":79,"column":38}},"17":{"start":{"line":80,"column":8},"end":{"line":80,"column":66}},"18":{"start":{"line":82,"column":8},"end":{"line":82,"column":42}},"19":{"start":{"line":86,"column":8},"end":{"line":86,"column":46}},"20":{"start":{"line":87,"column":8},"end":{"line":87,"column":70}},"21":{"start":{"line":88,"column":8},"end":{"line":88,"column":60}},"22":{"start":{"line":92,"column":8},"end":{"line":92,"column":33}},"23":{"start":{"line":93,"column":8},"end":{"line":93,"column":56}},"24":{"start":{"line":94,"column":8},"end":{"line":94,"column":3395}},"25":{"start":{"line":95,"column":12},"end":{"line":95,"column":3463}},"26":{"start":{"line":96,"column":16},"end":{"line":96,"column":31}},"27":{"start":{"line":98,"column":12},"end":{"line":98,"column":42}},"28":{"start":{"line":105,"column":8},"end":{"line":105,"column":41}},"29":{"start":{"line":109,"column":8},"end":{"line":109,"column":3917}},"30":{"start":{"line":112,"column":8},"end":{"line":112,"column":36}},"31":{"start":{"line":113,"column":8},"end":{"line":113,"column":27}},"32":{"start":{"line":117,"column":8},"end":{"line":117,"column":24}},"33":{"start":{"line":121,"column":8},"end":{"line":121,"column":36}},"34":{"start":{"line":125,"column":8},"end":{"line":125,"column":29}},"35":{"start":{"line":129,"column":8},"end":{"line":129,"column":28}}},"branchMap":{"1":{"line":57,"type":"if","locations":[{"start":{"line":57,"column":8},"end":{"line":57,"column":8}},{"start":{"line":57,"column":8},"end":{"line":57,"column":8}}]},"2":{"line":88,"type":"if","locations":[{"start":{"line":88,"column":8},"end":{"line":88,"column":8}},{"start":{"line":88,"column":8},"end":{"line":88,"column":8}}]},"3":{"line":95,"type":"if","locations":[{"start":{"line":95,"column":12},"end":{"line":95,"column":12}},{"start":{"line":95,"column":12},"end":{"line":95,"column":12}}]},"4":{"line":109,"type":"if","locations":[{"start":{"line":109,"column":8},"end":{"line":109,"column":8}},{"start":{"line":109,"column":8},"end":{"line":109,"column":8}}]}}},"contracts\\test\\MockV3Aggregator.sol":{"l":{},"path":"C:\\Users\\habib\\Documents\\GitHub\\hardhat-nft\\contracts\\test\\MockV3Aggregator.sol","s":{},"b":{},"f":{},"fnMap":{},"statementMap":{},"branchMap":{}},"contracts\\test\\VRFCoordinatorV2Mock.sol":{"l":{},"path":"C:\\Users\\habib\\Documents\\GitHub\\hardhat-nft\\contracts\\test\\VRFCoordinatorV2Mock.sol","s":{},"b":{},"f":{},"fnMap":{},"statementMap":{},"branchMap":{}}}