{"contracts\\BasicNFT.sol":{"l":{"11":3,"15":1,"16":1,"17":1,"23":1,"27":3},"path":"C:\\Users\\habib\\Documents\\GitHub\\hardhat-nft\\contracts\\BasicNFT.sol","s":{"1":3,"2":1,"3":1,"4":1,"5":3},"b":{},"f":{"1":3,"2":1,"3":1,"4":3},"fnMap":{"1":{"name":"constructor","line":10,"loc":{"start":{"line":10,"column":4},"end":{"line":12,"column":4}}},"2":{"name":"mintNft","line":14,"loc":{"start":{"line":14,"column":4},"end":{"line":18,"column":4}}},"3":{"name":"tokenURI","line":20,"loc":{"start":{"line":20,"column":4},"end":{"line":24,"column":4}}},"4":{"name":"getTokenCounter","line":26,"loc":{"start":{"line":26,"column":4},"end":{"line":28,"column":4}}}},"statementMap":{"1":{"start":{"line":11,"column":8},"end":{"line":11,"column":25}},"2":{"start":{"line":15,"column":8},"end":{"line":15,"column":44}},"3":{"start":{"line":17,"column":8},"end":{"line":17,"column":29}},"4":{"start":{"line":23,"column":8},"end":{"line":23,"column":24}},"5":{"start":{"line":27,"column":8},"end":{"line":27,"column":29}}},"branchMap":{}}}